<?xml version="1.0" encoding="UTF-8"?>
<!-- Generated by org.testng.reporters.JUnitXMLReporter -->
<testsuite hostname="PankajKumar-HP" ignored="0" name="logout_Test" tests="3" failures="0" timestamp="17 Jun 2020 03:13:41 GMT" time="22.233" errors="0">
  <testcase name="login_forlogoutPage" time="1.311" classname="com.TestScript.Logout_TestScript"/>
  <testcase name="Button_clicked" time="1.93" classname="com.TestScript.Logout_TestScript"/>
  <testcase name="logout" time="4.717" classname="com.TestScript.Logout_TestScript"/>
</testsuite> <!-- logout_Test -->
