<?xml version="1.0" encoding="UTF-8"?>
<!-- Generated by org.testng.reporters.JUnitXMLReporter -->
<testsuite hostname="PankajKumar-HP" ignored="0" name="Home_Test" tests="2" failures="1" timestamp="17 Jun 2020 04:03:03 GMT" time="16.143" errors="0">
  <testcase name="login_forHomepage" time="6.713" classname="com.TestScript.Home_TestScript"/>
  <testcase name="homepage_displayed" time="0.158" classname="com.TestScript.Home_TestScript">
    <failure type="java.lang.AssertionError" message="expected [Ho] but found [Home]">
      <![CDATA[java.lang.AssertionError: expected [Ho] but found [Home]
at com.TestScript.Home_TestScript.homepage_displayed(Home_TestScript.java:35)
... Removed 31 stack frames]]>
    </failure>
  </testcase> <!-- homepage_displayed -->
</testsuite> <!-- Home_Test -->
