<?xml version="1.0" encoding="UTF-8"?>
<!-- Generated by org.testng.reporters.JUnitXMLReporter -->
<testsuite hostname="PankajKumar-HP" ignored="0" name="Logout_Test" tests="3" failures="0" timestamp="17 Jun 2020 04:03:20 GMT" time="16.766" errors="0">
  <testcase name="login_forlogoutPage" time="0.495" classname="com.TestScript.Logout_TestScript"/>
  <testcase name="Button_clicked" time="7.095" classname="com.TestScript.Logout_TestScript"/>
  <testcase name="logout" time="0.447" classname="com.TestScript.Logout_TestScript"/>
</testsuite> <!-- Logout_Test -->
